Arguments: 
  C:\Program Files\nodejs\node.exe C:\Program Files (x86)\Yarn\bin\yarn.js add @babel/core @babel/preset-env postcss autoprefixer brower-sync cssnano dart-sass gulp gulp-babel gulp-postcss gulp-sass gulp-terser typescript gulp-typescript

PATH: 
  C:\Program Files\Microsoft\jdk-17.0.4.101-hotspot\bin;C:\Program Files\Microsoft\jdk-16.0.2.7-hotspot\bin;C:\Program Files\Microsoft\jdk-11.0.12.7-hotspot\bin;C:\Windows\system32;C:\Windows;C:\Windows\System32\Wbem;C:\Windows\System32\WindowsPowerShell\v1.0\;C:\Windows\System32\OpenSSH\;C:\Program Files\dotnet\;C:\Program Files\Git\cmd;C:\Users\Massine\AppData\Roaming\nvm;C:\Program Files\nodejs;C:\ProgramData\chocolatey\bin;C:\Program Files\OpenJDK\openjdk-8u342-b07\bin;C:\Program Files (x86)\Yarn\bin\;C:\Program Files\Microsoft SQL Server\150\Tools\Binn\;C:\Program Files\Microsoft SQL Server\Client SDK\ODBC\170\Tools\Binn\;C:\Program Files\Docker\Docker\resources\bin;C:\ProgramData\DockerDesktop\version-bin;C:\Users\Massine\.cargo\bin;C:\Users\Massine\scoop\shims;C:\Users\Massine\AppData\Local\Microsoft\WindowsApps;C:\Users\Massine\AppData\Local\JetBrains\Toolbox\scripts;C:\Users\Massine\AppData\Local\Programs\Microsoft VS Code\bin;C:\Users\Massine\.dotnet\tools;C:\Users\Massine\AppData\Local\Android\Sdk\platform-tools;C:\Users\Massine\AppData\Local\Yarn\bin;E:\Tools

Yarn version: 
  1.22.19

Node version: 
  16.17.0

Platform: 
  win32 x64

Trace: 
  Error: https://registry.yarnpkg.com/brower-sync: Not found
      at Request.params.callback [as _callback] (C:\Program Files (x86)\Yarn\lib\cli.js:66145:18)
      at Request.self.callback (C:\Program Files (x86)\Yarn\lib\cli.js:140890:22)
      at Request.emit (node:events:513:28)
      at Request.<anonymous> (C:\Program Files (x86)\Yarn\lib\cli.js:141862:10)
      at Request.emit (node:events:513:28)
      at IncomingMessage.<anonymous> (C:\Program Files (x86)\Yarn\lib\cli.js:141784:12)
      at Object.onceWrapper (node:events:627:28)
      at IncomingMessage.emit (node:events:525:35)
      at endReadableNT (node:internal/streams/readable:1358:12)
      at processTicksAndRejections (node:internal/process/task_queues:83:21)

npm manifest: 
  {
    "name": "portfolio",
    "version": "1.0.0",
    "description": "Portfolio to host different project I will explore and try",
    "main": "index.js",
    "author": "Massine Mouha",
    "license": "MIT",
    "private": true
  }

yarn manifest: 
  No manifest

Lockfile: 
  No lockfile
